<?xml version="1.0" encoding="UTF-8" standalone="no"?>
<testsuite failures="0" name="cucumber.runtime.formatter.JUnitFormatter" skipped="0" tests="1" time="0.125781">
<testcase classname="login page" name="Login Page" time="0.125781">
<system-out><![CDATA[Given User is on SDETTraining.com Home Page.................................passed
When user clicks login button...............................................passed
Then user is on login page..................................................passed
]]></system-out>
</testcase>
</testsuite>
